Assuming unrestricted shared filesystem usage.
host: bunmyouhimes-MacBook-Air.local
Building DAG of jobs...
Using shell: /bin/bash
Provided cores: 1 (use --cores to define parallelism)
Rules claiming more threads will be scaled down.
Job stats:
job                count
---------------  -------
all                    1
analyze                1
integrate              1
profile_quality        1
total                  4

Select jobs to execute...
Execute 1 jobs...
[Sun Dec  7 14:12:57 2025]
localrule integrate:
    input: data/raw/acs_active_commute_raw.csv, data/raw/brfss_obesity_raw.csv, data/raw/policy_env_raw.csv
    output: data/processed/integrated_state_year.csv
    jobid: 1
    reason: Missing output files: data/processed/integrated_state_year.csv
    resources: tmpdir=/var/folders/_t/b_t71hd502gbcm45s9t5qbkr0000gn/T
Shell command: python scripts/scripts_integrate.py --acs data/raw/acs_active_commute_raw.csv --brfss data/raw/brfss_obesity_raw.csv --policy data/raw/policy_env_raw.csv --out data/processed/integrated_state_year.csv
[Sun Dec  7 14:12:58 2025]
Finished jobid: 1 (Rule: integrate)
1 of 4 steps (25%) done
Select jobs to execute...
Execute 2 jobs...
[Sun Dec  7 14:13:00 2025]
localrule profile_quality:
    input: data/processed/integrated_state_year.csv
    output: docs/quality/missingness.csv, docs/quality/summary_by_year.csv
    jobid: 3
    reason: Missing output files: docs/quality/summary_by_year.csv, docs/quality/missingness.csv; Input files updated by another job: data/processed/integrated_state_year.csv
    resources: tmpdir=/var/folders/_t/b_t71hd502gbcm45s9t5qbkr0000gn/T
Shell command: python scripts/scripts_profile_quality.py --integrated data/processed/integrated_state_year.csv --missing docs/quality/missingness.csv --summary docs/quality/summary_by_year.csv
[Sun Dec  7 14:13:00 2025]
localrule analyze:
    input: data/processed/integrated_state_year.csv
    output: docs/figures/obesity_vs_active_commute.png
    jobid: 4
    reason: Missing output files: docs/figures/obesity_vs_active_commute.png; Input files updated by another job: data/processed/integrated_state_year.csv; Code has changed since last execution
    resources: tmpdir=/var/folders/_t/b_t71hd502gbcm45s9t5qbkr0000gn/T
Shell command: python scripts/scripts_analyze.py --integrated data/processed/integrated_state_year.csv --out docs/figures/obesity_vs_active_commute.png
RuleException:
CalledProcessError in file "/Users/noir/Documents/GitHub/IS477-Lyca/Snakefile", line 69:
Command 'set -euo pipefail;  python scripts/scripts_profile_quality.py --integrated data/processed/integrated_state_year.csv --missing docs/quality/missingness.csv --summary docs/quality/summary_by_year.csv' returned non-zero exit status 1.
[Sun Dec  7 14:13:00 2025]
Error in rule profile_quality:
    message: None
    jobid: 3
    input: data/processed/integrated_state_year.csv
    output: docs/quality/missingness.csv, docs/quality/summary_by_year.csv
    shell:
        python scripts/scripts_profile_quality.py --integrated data/processed/integrated_state_year.csv --missing docs/quality/missingness.csv --summary docs/quality/summary_by_year.csv
        (command exited with non-zero exit code)
RuleException:
CalledProcessError in file "/Users/noir/Documents/GitHub/IS477-Lyca/Snakefile", line 83:
Command 'set -euo pipefail;  python scripts/scripts_analyze.py --integrated data/processed/integrated_state_year.csv --out docs/figures/obesity_vs_active_commute.png' returned non-zero exit status 1.
[Sun Dec  7 14:13:01 2025]
Error in rule analyze:
    message: None
    jobid: 4
    input: data/processed/integrated_state_year.csv
    output: docs/figures/obesity_vs_active_commute.png
    shell:
        python scripts/scripts_analyze.py --integrated data/processed/integrated_state_year.csv --out docs/figures/obesity_vs_active_commute.png
        (command exited with non-zero exit code)
Shutting down, this might take some time.
Exiting because a job execution failed. Look below for error messages
[Sun Dec  7 14:13:01 2025]
Error in rule profile_quality:
    message: None
    jobid: 3
    input: data/processed/integrated_state_year.csv
    output: docs/quality/missingness.csv, docs/quality/summary_by_year.csv
    shell:
        python scripts/scripts_profile_quality.py --integrated data/processed/integrated_state_year.csv --missing docs/quality/missingness.csv --summary docs/quality/summary_by_year.csv
        (command exited with non-zero exit code)
[Sun Dec  7 14:13:01 2025]
Error in rule analyze:
    message: None
    jobid: 4
    input: data/processed/integrated_state_year.csv
    output: docs/figures/obesity_vs_active_commute.png
    shell:
        python scripts/scripts_analyze.py --integrated data/processed/integrated_state_year.csv --out docs/figures/obesity_vs_active_commute.png
        (command exited with non-zero exit code)
Complete log(s): /Users/noir/Documents/GitHub/IS477-Lyca/.snakemake/log/2025-12-07T141257.529193.snakemake.log
WorkflowError:
At least one job did not complete successfully.
