Assuming unrestricted shared filesystem usage.
host: bunmyouhimes-MacBook-Air.local
Building DAG of jobs...
Using shell: /bin/bash
Provided cores: 1 (use --cores to define parallelism)
Rules claiming more threads will be scaled down.
Job stats:
job                count
---------------  -------
all                    1
analyze                1
profile_quality        1
total                  3

Select jobs to execute...
Execute 1 jobs...
[Sun Dec  7 14:16:36 2025]
localrule profile_quality:
    input: data/processed/integrated_state_year.csv
    output: docs/quality/missingness.csv, docs/quality/summary_by_year.csv
    jobid: 3
    reason: Missing output files: docs/quality/missingness.csv, docs/quality/summary_by_year.csv
    resources: tmpdir=/var/folders/_t/b_t71hd502gbcm45s9t5qbkr0000gn/T
Shell command: python scripts/scripts_profile_quality.py --integrated data/processed/integrated_state_year.csv --missing docs/quality/missingness.csv --summary docs/quality/summary_by_year.csv
[Sun Dec  7 14:16:36 2025]
Finished jobid: 3 (Rule: profile_quality)
1 of 3 steps (33%) done
Select jobs to execute...
Execute 1 jobs...
[Sun Dec  7 14:16:36 2025]
localrule analyze:
    input: data/processed/integrated_state_year.csv
    output: docs/figures/obesity_vs_active_commute.png
    jobid: 4
    reason: Missing output files: docs/figures/obesity_vs_active_commute.png
    resources: tmpdir=/var/folders/_t/b_t71hd502gbcm45s9t5qbkr0000gn/T
Shell command: python scripts/scripts_analyze.py --integrated data/processed/integrated_state_year.csv --out docs/figures/obesity_vs_active_commute.png
[Sun Dec  7 14:16:38 2025]
Finished jobid: 4 (Rule: analyze)
2 of 3 steps (67%) done
Select jobs to execute...
Execute 1 jobs...
[Sun Dec  7 14:16:38 2025]
localrule all:
    input: data/processed/integrated_state_year.csv, docs/quality/missingness.csv, docs/quality/summary_by_year.csv, docs/figures/obesity_vs_active_commute.png
    jobid: 0
    reason: Input files updated by another job: docs/quality/summary_by_year.csv, docs/figures/obesity_vs_active_commute.png, docs/quality/missingness.csv
    resources: tmpdir=/var/folders/_t/b_t71hd502gbcm45s9t5qbkr0000gn/T
Shell command: None
[Sun Dec  7 14:16:38 2025]
Finished jobid: 0 (Rule: all)
3 of 3 steps (100%) done
Complete log(s): /Users/noir/Documents/GitHub/IS477-Lyca/.snakemake/log/2025-12-07T141636.468934.snakemake.log
