Assuming unrestricted shared filesystem usage.
host: Lydias-MacBook-Air-2.local
Migrating .snakemake folder to new format...
Migration complete
Building DAG of jobs...
Using shell: /bin/bash
Provided cores: 1 (use --cores to define parallelism)
Rules claiming more threads will be scaled down.
Job stats:
job                count
---------------  -------
all                    1
analyze                1
integrate              1
profile_quality        1
total                  4

Select jobs to execute...
Execute 1 jobs...
[Sun Dec  7 15:45:42 2025]
localrule integrate:
    input: data/raw/acs_active_commute_raw.csv, data/raw/brfss_obesity_raw.csv, data/raw/policy_env_raw.csv
    output: data/processed/integrated_state_year.csv
    jobid: 1
    reason: Updated input files: data/raw/policy_env_raw.csv, data/raw/brfss_obesity_raw.csv
    resources: tmpdir=/var/folders/vm/5nzr2j9s4kz02qv6c6xn6r1w0000gn/T
Shell command: python scripts/scripts_integrate.py --acs data/raw/acs_active_commute_raw.csv --brfss data/raw/brfss_obesity_raw.csv --policy data/raw/policy_env_raw.csv --out data/processed/integrated_state_year.csv
[Sun Dec  7 15:45:44 2025]
Finished jobid: 1 (Rule: integrate)
1 of 4 steps (25%) done
Select jobs to execute...
Execute 2 jobs...
[Sun Dec  7 15:45:45 2025]
localrule analyze:
    input: data/processed/integrated_state_year.csv
    output: docs/figures/obesity_vs_active_commute.png
    jobid: 4
    reason: Input files updated by another job: data/processed/integrated_state_year.csv
    resources: tmpdir=/var/folders/vm/5nzr2j9s4kz02qv6c6xn6r1w0000gn/T
Shell command: python scripts/scripts_analyze.py --integrated data/processed/integrated_state_year.csv --out docs/figures/obesity_vs_active_commute.png
[Sun Dec  7 15:45:45 2025]
localrule profile_quality:
    input: data/processed/integrated_state_year.csv
    output: docs/quality/missingness.csv, docs/quality/summary_by_year.csv
    jobid: 3
    reason: Input files updated by another job: data/processed/integrated_state_year.csv
    resources: tmpdir=/var/folders/vm/5nzr2j9s4kz02qv6c6xn6r1w0000gn/T
Shell command: python scripts/scripts_profile_quality.py --integrated data/processed/integrated_state_year.csv --missing docs/quality/missingness.csv --summary docs/quality/summary_by_year.csv
[Sun Dec  7 15:45:45 2025]
Finished jobid: 3 (Rule: profile_quality)
2 of 4 steps (50%) done
[Sun Dec  7 15:45:46 2025]
Finished jobid: 4 (Rule: analyze)
3 of 4 steps (75%) done
Select jobs to execute...
Execute 1 jobs...
[Sun Dec  7 15:45:46 2025]
localrule all:
    input: data/processed/integrated_state_year.csv, docs/quality/missingness.csv, docs/quality/summary_by_year.csv, docs/figures/obesity_vs_active_commute.png
    jobid: 0
    reason: Input files updated by another job: docs/figures/obesity_vs_active_commute.png, docs/quality/summary_by_year.csv, docs/quality/missingness.csv, data/processed/integrated_state_year.csv
    resources: tmpdir=/var/folders/vm/5nzr2j9s4kz02qv6c6xn6r1w0000gn/T
Shell command: None
[Sun Dec  7 15:45:46 2025]
Finished jobid: 0 (Rule: all)
4 of 4 steps (100%) done
Complete log(s): /Users/lydiali/Desktop/uni/2025fall/is477/IS477-Lyca-main/.snakemake/log/2025-12-07T154542.279021.snakemake.log
